[    0.000000 Initialzing crop subyscpset    0.000] Intiling  cgrp ubsyscp
    0.00000] Initializing cgroup subsys cpuacct
[    0.000000] Linux version .40-5-gneic (build@l01-5) cc vsin 5.4.0016069 Ubntu 5.4.6ubunt1~6..4) #78-Ubunt SP Fri Dec 9 23:50:32 UTC 16 (Ubuntu 4..07.78enri 4.35)
[   .00000Command lin: OT_IAG=/oot/vmin-44.0-57-geneic rt=ABEL=cloudimg-rootfs ro console=tty1 consolety0[   0.000000 KERNL uporedcpus:
[    0.000000]  ntel eninntel
[    0.000]  A AthenticAMD
[    0.000000]   Centaur CentaurHaul
   0.00000] 86/fpu: xsta_offset[2]:  56,xstatsizes[2]:  256
[   0.00000] x6/pu: Supporting XSAVE feare 0x01: 'x87 floatig oint registers'
[   .00000 x86fp Supporting XSAVE feature 0x02: 'SSE registers'
[    0.00000 x86/fpu SportingSAE feare0x04: 'AVX registers'
[    0.000000] x86/fpu: Enabled xstate features 0x7, context size is 832 bytes, using 'standard' format.
[    0.000000] x86/fpu: Using 'lazy' FPU context switches.
[    0.00000] 820: BIOS-provided physical RAM map:
[    0.000000] BIOS-e820: [mem 0x0000000000000000-0x000000000fbff] usable
[    0.000000] BIOS-e820: [mem 0x000000000009fc00-0x000000000009ffff] reserved
[    0.000000] BIOS-e820: [mem 0x00000000000f0000-0x00000000000fffff] reserved
[    0.000000] BIOS-e820: [mem 0x0000000000100000-0x000000003ffeffff] usable
[    0.000000] BIOS-e820: [mem 0x000000003fff0000-0x0000003fffff ACPI data
[    0.000000] BIOS-e820: [mem 0x00000000fe0000-00000000fe0ff]esved[   0.00000 BIOS-e820: [mem 0x0000000fee0000-0x000000e0fff] reserved
[    0.000000] BIOS-e820: [mem 0x00000000fffc0000-0x00000000ffffffff] reserved
[    0.000000] NX (Execute Disable) protection: active
[    0.000000] SMBIOS 2.5 present.
[    0.000000] Hypervisor detected: KVM
[    0.000000] e820: last_pfn = 0x3fff0 max_arch_pfn = 0x400000000
[    0.000000] MTRR: Disabled
[    0.000000] x86/PAT: MTRRs disabled, skipping PAT initialization too.
[    0.000000] x8/PT: Configurati [0-7]: WB  WT  UC- UC  WB  WT  UC- UC  
[    0.000000] CPU MTRRs ll blnk virtuliedsystem.
[    0.00000] ound SMP MP-table at [mem 0x0009fff0-0x0009ffff] mapped at [ffff88000009fff0]
[    0.0000] Scanni 1area f lw merycorupon
[  000000]RADIK: [mm 3655a000-0x375a4fff]
[    0.000000] ACPI: Early table checksum verfitiondibled
[    .0000]CPI:SDP 0x000000000000 000024 (v02 VBOX  )
[    0.000000] ACPI: XSDT 0x00000003FFF0030 00003C (v VOX   VBOXXSDT 00000001 ASL  00000061)
[    0.000000] ACPI: FACP 0x000000003FFF00F0 0000F4 (v04 VBOX   VBOXFACP 00000001 ASL  00000061)
[    0.000000] ACPI: DSDT 0x000000003FFF0470 00210F (v01 VBOX   VBOXBIOS 00000002 INTL 20100528)
[    0.000000] ACPI: FACS 0x000000003FFF0200 000040
[    0.000000] ACPI: FACS 0x000000003FFF0200 000040
[    0.0000] CPI: APIC0x000000003FFF0240 00005C (v02 VBOX   VBOXAPIC 000001 SL000006)
[    0.000000] ACPI: SSDT 0x000000003FF02A0 001C(v01VBOX   VBOXCPUT 00000002 INTL 20100528)
[    0.000000] No NUMA configurationfond
[  0000000] Faking a node at [mem 0x0000000000000000-0x000000003ffeffff]
[    0.000000] NODE_DATA(0) allatd [mem 0xff000-0x3ffeffff]
[    0.000000] kvm-clock: Usingsr 45601and 45600
[    0.0000] vmclck:cp0, msr0:ff301,prma cpu clock
[    0.000000 kvm-clock: using schd ffse o383506692ycles
[    0.000000] clocksource: kvm-clock: mask: 0xffffffffffffffff max_cycles: 0x1cd42e4dffb, max_idle_ns: 881590591483 ns
[    0.000000] Zone ranges:
[    0.000000]   DMA      [mem 0x0000000000001000-0x0000000000ffffff]
[    0.000000]   DMA32    [mem 0x0000000001000000-0x000000003ffeffff]
[    0.000000]   Normal   empty
[    0.000000]   Device   empty
[    0.000000] Movable zone start for each node
[    0.000000] Early memory node ranges
[    0.000000]   node   0: [mem 0x0000000000001000-0x000000000009efff]
[    0.000000]   node   0: [mem 0x000000000010000-x000003ffeffff]
[    0.000000] Initmem setup node  [m x0000000001000-0x000000003ffff]
[    0.000000] ACPI: PM-Timr O Por: 0x4008
[   0000000] IOAPIC[0]: apic_id 2, version 32, address 0xfec00000, GSI 0-23
[    0.000000] ACPI: INT_SRC_OVR (bus 0 bus_irq 0 global_irq 2fldfl)
[    0.000000] ACPI: INT_SRC_OVR (bus 0 bus_irq 9 global_irq 9 high level)
[    0.000000] Using ACPI (MADT) for SMP configuration information
[    0.000000] smpboot: Allowing 2 CPUs, 0 hotplug CPUs
[    0.000000] PM: Registered nosave memory: [mem 0x00000000-0x00000fff]
[    0.000000] PM: Registered nosave memory: [mem 0x0009f000-0x0009ffff]
[    0.000000] PM: Registere nsave memory: em0x000a000-000eff]
[    00000] : egstre nosae memory: [mem 0x000f0000-0x000fffff]
[    0.000000] e820: [mem 0x40000000-0xfebfffff] avlable forCI dices
[   0.000000] Booting paravirtualized ernel on KVM
[    0.000000] clocksource: refine-jffies: mak:0xffffffff max_cycles: 0xffffffff, max_idle_ns: 7645519600211568 ns
[    0.000000] setup_percpu: NR_CPUS:512 nr_cpumask_bits:512 nr_cpu_ids:2 nr_node_ids:1
[    0.000000] PERCPU: Embedded 33 pages/cpu @ffff88003fc00000 s98264 r8192 d28712 u1048576
[    0.000000] PV qspinlock hash table entries: 256 (order: 0, 4096 bytes)
[    0.000000] Built 1 zonelists in Node order, mobility grouping on. Toal pages: 257913
[   0.000000] Policy zone: DMA32
[    0.000000] Kernel command line: BOOT_IMAGE=/boot/vmlinuz-4.4.0-57-generic root=LABEL=cloudimg-rootfs ro console=tty1 console=ttyS0
[    0.000000] PID hash table entries: 4096 (order: 3, 32768 bytes)
[    0.000000] Memory: 1002044K/1048120K available (8432K kernel code, 1291K rwdata, 3960 rodata, 1484K init,136K bss,46076K rerved,K maesrved)
  0.000000] SLUB: HWalign=64, Order=0-3, MinObjects=0, CPUs=2, Nodes=1
[    0.000000] Hierarchical RCUimplementation.
[    0.000000] 	Buildtie adjustmntf leaf fanout to 64.
[    0.000000] 	RCU restricting CPUs from NR_CPUS=512 to nr_cpu_ids=2.
[    0.000000] RCU: Adjusting geometry for rcu_fanout_leaf=64, nr_cpu_ids=2
[    0.000000] NR_IRQS:33024 nr_irqs:440 16
[    0.000000] Console: colour VGA+ 80x25
[    0.000000] console [tty1] enabled
[    0.00000] nsle tyS] naed
[    0.000000] tsc: Detected 2400.000 MHz processor
[    8.182597] Calibrating delay loop (skipped) preset value.. 4800.00 BogoMIPS (lpj=9600000)
[    8.202897] pid_max: default: 32768 minimum: 301
[    8.205039] ACPI: Core revision 20150930
[    8.209686] ACPI: 2 ACPI AML tables successfully acquired and loaded
[    8.214070] Security Framework initialized
[    8.215746] Yama: becoming mindful.
[    8.238050] AppArmor: AppArmor initialized
[    8.252050] Dentry cache hash table entries: 131072 (order: 8, 1048576 bytes)
[    8.270223] Inode-cache hash table entries: 65536 (order: 7, 524288 bytes)
[    8.294191] Mount-cache hash table entries: 2048 (order: 2, 16384 bytes)
[    8.385215] Mountpoint-cache hash table entries: 2048 (order: 2, 16384 bytes)
[    8.433790] Initializing cgroup subsys io
[    8.481347] Initializing cgroup subsys memory
[    8.504852] Initializing cgroup subsys devices
[    8.513618] Initializing cgroup subsys freezer
[    8.520919] Initializing cgroup subsys net_cls
[    8.581075] Initializing cgroup subsys perf_event
[    8.632202] Initializing cgroup subsys net_prio
[    8.655884] Initializing cgroup subsys hugetlb
[    8.689713] Initializing cgroup subsys pids
[    8.691386] CPU: Physical Processor ID: 0
[    8.692959] CPU: Processor Core ID: 0
[    8.695255] mce: CPU supports 0 MCE banks
[    8.722169] Last level iTLB entries: 4KB 1024, 2MB 1024, 4MB 1024
[    8.750345] Last level dTLB entries: 4KB 1024, 2MB 1024, 4MB 1024, 1GB 4
[    8.760938] Freeing SMP alternatives memory: 32K (ffffffff820b7000 - ffffffff820bf000)
[    8.779105] ftrace: allocating 32063 entries in 126 pages
[    8.836930] smpboot: APIC(0) Converting physical 0 to logical package 0
[    8.898057] smpboot: Max logical packages: 1
[    8.903366] x2apic enabled
[    8.906265] Switched APIC routing to physical x2apic.
[    8.946691] ..TIMER: vector=0x30 apic1=0 pin1=2 apic2=-1 pin2=-1
[    9.068857] smpboot: CPU0: Intel(R) Core(TM) i5-4258U CPU @ 2.40GHz (family: 0x6, model: 0x45, stepping: 0x1)
[    9.098190] Performance Events: unsupported p6 CPU model 69 no PMU driver, software events only.
[    9.103189] KVM setup paravirtual spinlock
[    9.110535] x86: Booting SMP configuration:
[    9.187016] .... node  #0, CPUs:      #1
[    9.205307] kvm-clock: cpu 1, msr 0:3ffe3041, secondary cpu clock
[    9.212486] mce: CPU supports 0 MCE banks
[    9.243923] x86: Booted up 1 node, 2 CPUs
[    9.291607] smpboot: Total of 2 processors activated (9600.00 BogoMIPS)
[    9.307622] devtmpfs: initialized
[    9.310672] evm: security.selinux
[    9.335069] evm: security.SMACK64
[    9.358717] evm: security.SMACK64EXEC
[    9.405214] evm: security.SMACK64TRANSMUTE
[    9.414288] evm: security.SMACK64MMAP
[    9.415727] evm: security.ima
[    9.416928] evm: security.capability
[    9.419389] clocksource: jiffies: mask: 0xffffffff max_cycles: 0xffffffff, max_idle_ns: 7645041785100000 ns
[    9.432882] pinctrl core: initialized pinctrl subsystem
[    9.466401] RTC time: 22:55:12, date: 02/12/18
[    9.519970] NET: Registered protocol family 16
[    9.576961] cpuidle: using governor ladder
[    9.628943] cpuidle: using governor menu
[    9.655912] PCCT header not found.
[    9.688691] ACPI: bus type PCI registered
[    9.690253] acpiphp: ACPI Hot Plug PCI Controller Driver version: 0.5
[    9.695928] PCI: Using configuration type 1 for base access
[    9.717952] ACPI: Added _OSI(Module Device)
[    9.738097] ACPI: Added _OSI(Processor Device)
[    9.744433] ACPI: Added _OSI(3.0 _SCP Extensions)
[    9.749991] ACPI: Added _OSI(Processor Aggregator Device)
[    9.761513] ACPI: Executed 1 blocks of module-level executable AML code
[    9.777988] ACPI: Interpreter enabled
[    9.788616] ACPI: (supports S0 S5)
[    9.791948] ACPI: Using IOAPIC for interrupt routing
[    9.797429] PCI: Using host bridge windows from ACPI; if necessary, use "pci=nocrs" and report a bug
[    9.826723] ACPI: PCI Root Bridge [PCI0] (domain 0000 [bus 00-ff])
[    9.939569] acpi PNP0A03:00: _OSC: OS supports [ASPM ClockPM Segments MSI]
[   10.014205] acpi PNP0A03:00: _OSC failed (AE_NOT_FOUND); disabling ASPM
[   10.017437] acpi PNP0A03:00: fail to add MMCONFIG information, can't access extended PCI configuration space under this bridge.
[   10.028973] PCI host bridge to bus 0000:00
[   10.033635] pci_bus 0000:00: root bus resource [io  0x0000-0x0cf7 window]
[   10.036682] pci_bus 0000:00: root bus resource [io  0x0d00-0xffff window]
[   10.039483] pci_bus 0000:00: root bus resource [mem 0x000a0000-0x000bffff window]
[   10.042735] pci_bus 0000:00: root bus resource [mem 0x40000000-0xffdfffff window]
[   10.046042] pci_bus 0000:00: root bus resource [bus 00-ff]
[   10.055329] pci 0000:00:01.1: legacy IDE quirk: reg 0x10: [io  0x01f0-0x01f7]
[   10.103556] pci 0000:00:01.1: legacy IDE quirk: reg 0x14: [io  0x03f6]
[   10.119765] pci 0000:00:01.1: legacy IDE quirk: reg 0x18: [io  0x0170-0x0177]
[   10.123170] pci 0000:00:01.1: legacy IDE quirk: reg 0x1c: [io  0x0376]
[   10.155333] pci 0000:00:07.0: quirk: [io  0x4000-0x403f] claimed by PIIX4 ACPI
[   10.171412] pci 0000:00:07.0: quirk: [io  0x4100-0x410f] claimed by PIIX4 SMB
[   10.242601] ACPI: PCI Interrupt Link [LNKA] (IRQs 5 9 10 *11)
[   10.322211] ACPI: PCI Interrupt Link [LNKB] (IRQs 5 9 10 *11)
[   10.336009] ACPI: PCI Interrupt Link [LNKC] (IRQs 5 9 *10 11)
[   10.405513] ACPI: PCI Interrupt Link [LNKD] (IRQs 5 *9 10 11)
[   10.427194] ACPI: Enabled 2 GPEs in block 00 to 07
[   10.430352] vgaarb: setting as boot device: PCI:0000:00:02.0
[   10.441672] vgaarb: device added: PCI:0000:00:02.0,decodes=io+mem,owns=io+mem,locks=none
[   10.480928] vgaarb: loaded
[   10.497518] vgaarb: bridge control possible 0000:00:02.0
[   10.499890] SCSI subsystem initialized
[   10.501577] ACPI: bus type USB registered
[   10.504784] usbcore: registered new interface driver usbfs
[   10.512835] usbcore: registered new interface driver hub
[   10.514832] usbcore: registered new device driver usb
[   10.517032] PCI: Using ACPI for IRQ routing
[   10.526754] NetLabel: Initializing
[   10.528473] NetLabel:  domain hash size = 128
[   10.530487] NetLabel:  protocols = UNLABELED CIPSOv4
[   10.533905] NetLabel:  unlabeled traffic allowed by default
[   10.536168] amd_nb: Cannot enumerate AMD northbridges
[   10.538829] clocksource: Switched to clocksource kvm-clock
[   10.561232] AppArmor: AppArmor FilesyteEnabled
  0.507]pn P AI init
[   10.985609 pnp: PnP ACPI: found 3 deics
[   1.4760 cocsource: acpi_pm: mask: 0xffffff max_cycles 0fff,maide_: 8510 n
[ 118205NE Riseredprotocol mi 2
[   12.366732] TCP established hash table entries: 8192 (order: 4, 65536 bytes)
[   12.370633] TCP bind hh ble entries: 82 (order:5, 13102 tes
[  12.762079] TC: astaes configured (established 8192 bind 8192)
[   3.792] UDP hash table entries: 512 (order: 2, 16384 bytes)
[  1.18147] UDP-Lite hash table entries: 512 (order: 2, 16384 bytes)
[   13.240623] NET: Registered protocol family 1
[   13.242484] pci 0000:00:00.0: Limiting direct PCI/PCI transfers
[   13.244938] pci 0000:00:01.0: Activating ISA DMA hang workarounds
[ 13249763] Trying to unpack rotfs image asinitramfs...

[   15.569600] Freeing initrd memory: 10540K (ffff880036b5a000 - ffff8800375a5000)
[   15.166]AP P dtete, I ni i2^32 Joules, 4 fixed counters 10737418240 ms ovfl timer
[   16.133389] hw unit of domain pp0-core 2^-0 Joules
[   16.135503] hw unit of domain package 2^-0 Joules
[   16.137337] hw unit of domain dram 2^-0 Joules
[   16.138990] hw unit of domain pp1-gpu 2^-0 Joules
[   16.140987] platform rtc_cmos: registered platform RTC device (no PNP device found)
[   16.145451] Scanning for low memory corruption every 60 seconds
[   16.154523] futex hash table entries: 512 (order: 3, 32768 bytes)
[   16.160163] audit: initializing netlink subsys (disabled)
[   16.175203] audit: type=2000 audit(1518476114.240:1): initialized
[   16.184290] Initialise system trusted keyring
[   16.186212] HugeTLB registered 2 MB page size, pre-allocated 0 pages
[   16.193657] zbud: loaded
[   16.196719] VFS: Disk quotas dquot_6.6.0
[   16.213740] VFS: Dquot-cache hash table entries: 512 (order 0, 4096 bytes)
[   16.224438] squashfs: version 4.0 (2009/01/31) Phillip Lougher
[   16.226894] fuse init (AI version 7.23)
[  128975] Key type big_key registered
[  13848AlcainIM M a bckis keyrings.

[   16.965635] Key type asymmetric registered
[   16.973892] Asymmetric key parser 'x509' registered
[   16.982665] Block layer SCSI generic (bsg) driver version 0.4 loaded (major 249)
[   17.008189] io scheduler noop registered
[   17.021680] io schedule ddlne registered (default)
[   17.157789] tsc: Refined TSC clocksource calibration: 2399.981 MHz
[   17.160079] clocksourc: sc mk:0xffffffffff mx_ycs:0x295a27 max_idle_ns: 440795306804 ns

[   17.160207] io scheduler cfq registered
[   17.160309] pci_hotplug: PCI Hot Plug PCI Core version: 05[   17.160313] pciehp: PCI Express Hot Plug Controller Driver version: 0.4
[   17.160685] ACPI: AC Adapter [AC] (on-line)
[   17.160750] input: Power Button as /devices/LNXSYSTM:00/LNXPWRBN:00/input/input0
[   17.160753] ACPI: Power Button [PWRF]
[   17.160852] input: Sleep Button as /devices/LNXSYSTM:00/LNXSLPBN:00/input/input1
[   17.160853] ACPI: Sleep Button [SLPF]
[   17.824461] GHES: HEST is not enabled!
[   17.826322] ACPI: Battery Slot [BAT0] (battery present)
[   17.826389] Serial: 8250/16550 driver, 32 ports, IRQ sharing enabled
[   17.902906] 00:02: ttyS0 at I/O 0x3f8 (irq = 4, base_baud = 115200) is a 16550A
[   17.915373] Linux agpgart interface v0.103
[   17.918212] brd: module loaded
[   17.919036] loop: module loaded
[   17.919573] scsi host0: ata_piix
[   17.919623] scsi host1: ata_piix
[   17.919651] ata1: PATA max UDMA/33 cmd 0x1f0 ctl 0x3f6 bmdma 0xd000 irq 14
[   17.919652] ata2: PATA max UDMA/33 cmd 0x170 ctl 0x376 bmdma 0xd008 irq 15
[   17.919721] libphy: Fixed MDIO Bus: probed
[   17.919724] tun: Universal TUN/TAP device driver, 1.6
[   17.919724] tun: (C) 1999-2004 Max Krasnyansky <maxk@qualcomm.com>
[   17.920118] PPP generic driver version 2.4.2
[   17.920171] ehci_hcd: USB 2.0 'Enhanced' Host Controller (EHCI) Driver
[   17.920175] ehci-pci: EHCI PCI platform driver
[   17.920190] ehci-platform: EHCI generic platform driver
[   17.920197] ohci_hcd: USB 1.1 'Open' Host Controller (OHCI) Driver
[   17.920200] ohci-pci: OHCI PCI platform driver
[   17.920208] ohci-platform: OHCI generic platform driver
[   17.920214] uhci_hcd: USB Universal Host Controller Interface driver
[   17.920269] i8042: PNP: PS/2 Controller [PNP0303:PS2K,PNP0f03:PS2M] at 0x60,0x64 irq 1,12
[   17.924786] serio: i8042 KBD port at 0x60,0x64 irq 1
[   17.924792] serio: i8042 AUX port at 0x60,0x64 irq 12
[   17.924998] mousedev: PS/2 mouse device common for all mice
[   17.925554] rtc_cmos rtc_cmos: rtc core: registered rtc_cmos as rtc0
[   17.925634] rtc_cmos rtc_cmos: alarms up to one day, 114 bytes nvram
[   17.925643] i2c /dev entries driver
[   17.925718] device-mapper: uevent: version 1.0.3
[   17.925834] device-mapper: ioctl: 4.34.0-ioctl (2015-10-28) initialised: dm-devel@redhat.com
[   17.925852] ledtrig-cpu: registered to indicate activity on CPUs
[   17.926238] NET: Registered protocol family 10
[   17.926482] NET: Registered protocol family 17
[   17.926497] Key type dns_resolver registered
[   17.929769] microcode: CPU0 sig=0x40651, pf=0x40, revision=0x0
[   17.929782] microcode: CPU1 sig=0x40651, pf=0x40, revision=0x0
[   17.929877] microcode: Microcode Update Driver: v2.01 <tigran@aivazian.fsnet.co.uk>, Peter Oruba
[   17.930057] registered taskstats version 1
[   17.930077] Loading compiled-in X.509 certificates
[   17.931036] Loaded X.509 cert 'Build time autogenerated kernel key: a2268f7e4ca1e818c997a5071614f42c2a90855b'
[   17.931061] zswap: loaded using pool lzo/zbud
[   17.933210] Key type trusted registered
[   17.936522] Key type encrypted registered
[   17.936530] AppArmor: AppArmor sha1 policy hashing enabled
[   17.936533] ima: No TPM chip found, activating TPM-bypass!
[   17.936559] evm: HMAC attrs: 0x1
[   17.937342]   Magic number: 6:103:957
[   17.939870] rtc_cmos rtc_cmos: setting system clock to 2018-02-12 22:55:20 UTC (1518476120)
[   17.939992] BIOS EDD facility v0.16 2004-Jun-25, 0 devices found
[   17.939993] EDD information not available.
[   17.968609] input: AT Translated Set 2 keyboard as /devices/platform/i8042/serio0/input/input2
[   18.740700] Freeing unused kernel memory: 1484K (ffffffff81f44000 - ffffffff820b7000)
[   18.862371] Write protecting the kernel read-only data: 14336k
[   19.030859] Freeing unused kernel memory: 1796K (ffff88000183f000 - ffff880001a00000)
[   19.111191] Freeing unused kernel memory: 136K (ffff880001dde000 - ffff880001e00000)
Loading, please [   19.218474] random: systemd-udevd: uninitialized urandom read (16 bytes read, 4 bits of entropy available)
wait...
startin[   19.219135] random: udevadm: uninitialized urandom read (16 bytes read, 4 bits of entropy available)
g version 229
[   19.219168] random: udevadm: uninitialized urandom read (16 bytes read, 4 bits of entropy available)
[   19.219270] random: udevadm: uninitialized urandom read (16 bytes read, 4 bits of entropy available)
[   19.219306] random: udevadm: uninitialized urandom read (16 bytes read, 4 bits of entropy available)
[   19.219342] random: udevadm: uninitialized urandom read (16 bytes read, 4 bits of entropy available)
[   19.219377] random: udevadm: uninitialized urandom read (16 bytes read, 4 bits of entropy available)
[   19.219412] random: udevadm: uninitialized urandom read (16 bytes read, 4 bits of entropy available)
[   19.219444] random: udevadm: uninitialized urandom read (16 bytes read, 4 bits of entropy available)
[   19.219475] random: udevadm: uninitialized urandom read (16 bytes read, 4 bits of entropy available)
[   19.703565] Fusion MPT base driver 3.04.20
[   19.712428] Copyright (c) 1999-2008 LSI Corporation
[   19.718946] e1000: Intel(R) PRO/1000 Network Driver - version 7.3.21-k8-NAPI
[   19.788663] e1000: Copyright (c) 1999-2006 Intel Corporation.
[   19.850463] AVX version of gcm_enc/dec engaged.
[   19.866628] AES CTR mode by8 optimization enabled
[   19.924157] input: ImExPS/2 Generic Explorer Mouse as /devices/platform/i8042/serio1/input/input4
[   19.933136] Fusion MPT SPI Host driver 3.04.20
[   20.357781] e1000 0000:00:03.0 eth0: (PCI:33MHz:32-bit) 02:51:94:fb:32:e8
[   20.364915] e1000 0000:00:03.0 eth0: Intel(R) PRO/1000 Network Connection
[   20.381030] mptbase: ioc0: Initiating bringup
[   20.447704] ioc0: LSI53C1030 A0: Capabilities={Initiator}
[   20.634948] scsi host2: ioc0: LSI53C1030 A0, FwRev=00000000h, Ports=1, MaxQ=256, IRQ=20
[   20.812003] scsi 2:0:0:0: Direct-Access     VBOX     HARDDISK         1.0  PQ: 0 ANSI: 5
[   20.867926] scsi target2:0:0: Beginning Domain Validation
[   20.882022] scsi target2:0:0: Domain Validation skipping write tests
[   20.911514] scsi target2:0:0: Ending Domain Validation
[   20.922618] scsi target2:0:0: asynchronous
[   20.940588] scsi 2:0:1:0: Direct-Access     VBOX     HARDDISK         1.0  PQ: 0 ANSI: 5
[   20.981103] scsi target2:0:1: Beginning Domain Validation
[   21.017215] scsi target2:0:1: Domain Validation skipping write tests
[   21.141533] scsi target2:0:1: Ending Domain Validation
[   21.169809] scsi target2:0:1: asynchronous
[   21.328183] sd 2:0:0:0: Attached scsi generic sg0 type 0
[   21.339761] sd 2:0:0:0: [sda] 20971520 512-byte logical blocks: (10.7 GB/10.0 GiB)
[   21.356981] sd 2:0:1:0: [sdb] 20480 512-byte logical blocks: (10.5 MB/10.0 MiB)
[   21.360646] sd 2:0:0:0: [sda] Write Protect is off
[   21.360853] sd 2:0:0:0: [sda] Incomplete mode parameter data
[   21.360855] sd 2:0:0:0: [sda] Assuming drive cache: write through
[   21.363120]  sda: sda1
[   21.364015] sd 2:0:0:0: [sda] Attached SCSI disk
[   21.403836] e1000 0000:00:08.0 eth1: (PCI:33MHz:32-bit) 08:00:27:4f:d2:f1
[   21.403843] e1000 0000:00:08.0 eth1: Intel(R) PRO/1000 Network Connection
[   21.441886] e1000 0000:00:08.0 enp0s8: renamed from eth1
[   21.443000] sd 2:0:1:0: Attached scsi generic sg1 type 0
[   21.525247] sd 2:0:1:0: [sdb] Write Protect is off
[   21.532154] e1000 0000:00:03.0 enp0s3: renamed from eth0
[   21.542126] sd 2:0:1:0: [sdb] Incomplete mode parameter data
[   21.558727] sd 2:0:1:0: [sdb] Assuming drive cache: write through
[   21.585647] sd 2:0:1:0: [sdb] Attached SCSI disk
[   22.697840] floppy0: no floppy controllers found
[   51.781192] mptscsih: ioc0: attempting task abort! (sc=ffff88003e3ad200)
[   52.158527] sd 2:0:1:0: [sdb] tag#1 CDB: Read(10) 28 00 00 00 4f 80 00 00 08 00
[   52.941206] mptscsih: ioc0: task abort: FAILED (rv=2003) (sc=ffff88003e3ad200)
[   53.772117] mptscsih: ioc0: attempting target reset! (sc=ffff88003e3ad200)
[   53.793549] sd 2:0:1:0: [sdb] tag#1 CDB: Read(10) 28 00 00 00 4f 80 00 00 08 00
[   54.010918] mptscsih: ioc0: target reset: SUCCESS (sc=ffff88003e3ad200)
Begin: Loading e[   55.436977] md: linear personality registered for level -1
ssential drivers[   55.501193] md: multipath personality registered for level -4
 ... [   55.565147] md: raid0 personality registered for level 0
[   55.684170] md: raid1 personality registered for level 1
[   55.858925] raid6: sse2x1   gen()  8052 MB/s
[   55.986926] raid6: sse2x1   xor()  6240 MB/s
[   56.131025] raid6: sse2x2   gen() 11130 MB/s
[   56.258849] raid6: sse2x2   xor()  7132 MB/s
[   56.390975] raid6: sse2x4   gen()  8313 MB/s
[   56.539190] raid6: sse2x4   xor()  4722 MB/s
[   56.574291] raid6: using algorithm sse2x2 gen() 11130 MB/s
[   56.612113] raid6: .... xor() 7132 MB/s, rmw enabled
[   56.629472] raid6: using ssse3x2 recovery algorithm
[   56.659825] xor: automatically using best checksumming function:
[   56.862873]    avx       : 19105.000 MB/sec
[   56.978304] async_tx: api initialized (async)
[   57.073272] md: raid6 personality registered for level 6
[   57.142539] md: raid5 personality registered for level 5
[   57.168641] md: raid4 personality registered for level 4
[   57.197536] md: raid10 personality registered for level 10
done.
Begin: Running /scripts/init-premount ... done[   57.314958] Btrfs loaded
.
Begin: Mounting root file system ... Begin: Running /scripts/[   57.431788] EXT4-fs (sda1): mounted filesystem with ordered data mode. Opts: (null)
local-top ... done.
Begin: Running /scripts/local-premount ... Scanning for Btrfs filesystems
done.
Warning: fsck not present, so skipping root file system
done.
Begin: Running /scripts/local-bottom ... done.
Begin: Running /scripts/init-bottom ... done.
[   57.657674] systemd[1]: systemd 229 running in system mode. (+PAM +AUDIT +SELINUX +IMA +APPARMOR +SMACK +SYSVINIT +UTMP +LIBCRYPTSETUP +GCRYPT +GNUTLS +ACL +XZ -LZ4 +SECCOMP +BLKID +ELFUTILS +KMOD -IDN)
[   57.814389] systemd[1]: Detected virtualization oracle.
[   57.833306] systemd[1]: Detected architecture x86-64.

Welcome to [1mUbuntu 16.04.1 LTS[0m!

[   578763] systemd[1]: Set hostname to <ubuntu>.

[   58.018002] systemd[1]: Initializing machine ID from random generator.
[   58.024618] systemd[1]: Installed transient /etc/machine-id file.
[   88.767635] mptscsih: ioc0: attempting task abort! (sc=ffff880037129200)
[   88.871879] sd 2:0:0:0: [sda] tag#0 CDB: Read(10) 28 00 00 0b 9a 20 00 00 08 00
[   88.991092] mptscsih: ioc0: task abort: FAILED (rv=2003) (sc=ffff880037129200)
[   89.047111] mptscsih: ioc0: attempting target reset! (sc=ffff880037129200)
[   89.096190] sd 2:0:0:0: [sda] tag#0 CDB: Read(10) 28 00 00 0b 9a 20 00 00 08 00
[   89.211027] mptscsih: ioc0: target reset: SUCCESS (sc=ffff880037129200)
[   89.403900] systemd[1]: Listening on Syslog Socket.
[[0;32m  OK  [0m] Listening on Syslog Socket.
[  8.4343] sysem1] Reached tart ap

[[0;32m  OK  [0m] Reached target Swap.
[   .96170] sytem[1]: Created slice System Slice.
[[0;32m  OK  [0m] Created slice System Slice.
[ 90.793]ysem1]: Created slice system-serial\x2dgety.slce

[[0;32m  OK  [0m] Created slice system-serial\x2dgetty.slice.
[ 9007578] systemd[]:isenng onudv Ctrl cket.

[[0;32m  OK  [0m] Listening on udev Control Socket.
[   914986] systmd[]:Listenin o Dvi-mapper event daemon FIFOs.

[[0;32m  OK  [0m] Listening on Device-mapper event daemon FIFOs.
[  9521116] systemd[1]: Set up automount Arbitrary Exeutbl File Frms ilSytem Automount Pont

[[0;32m  OK  [0m] Set up automount Arbitrary Executab...ats File System Automount Point.
[  904499]ysmd]:tate Frwrd PaswordRees tWall Directory Wtch.

[[0;32m  OK  [0m] Started Forward Password Requests to Wall Directory Watch.
[   93.099278] systemd[1]: Listening on udev Kernel Socket.
[[0;32m  OK  [0m] Listening on udev Kernel Socket.
[   93.12955syem1]Crtesle User an Seson Slic.

[[0;32m  OK  [0m] Created slice User and Session Slice.
[   93.79385]ysmd1]: Listening on LVM2 metadata daemon scket.
[[0;32m  OK  [0m] Listening on LVM2 metadata daemon socket.
[   94.231815] systemd[1]: Listening on Journal Audit Socket.
[[0;32m  OK  [0m] Listening on Journal Audit Socket.
[   94.307468] systemd[1]: Listening on Journal Socket.
[[0;32m  OK  [0m] Listening on Journal Socket.
[   94.352184] random: nonblocking pool is initialized
[   94.399933] systemd[1]: Starting Set console keymap...
         Starting Set console keymap...
[   94.511504] systemd[1]: Starting Load Kernel Modules...
         Starting Load Ke[   94.533742] Loading iSCSI transport class v2.0-870.
rnel Modules...[   94.551911] iscsi: registered transport (tcp)

[   94.564594] systemd[1]: Starting Monitoring of LVM2 mirrors, snapshots etc. using dmeventd or progress polling...
         Starting Monitoring of LVM2 mirrors... dmeventd [   94.628998] iscsi: registered transport (iser)
or progress polling...
[   94.692152] systemd[1]: Starting Create list of required static device nodes for the current kernel...
         Starting Create list of required st... nodes for the current kernel...
[   94.847829] systemd[1]: Starting Remount Root and Kernel File Systems...
         Starting Remount Root and Kernel[   94.919654] EXT4-fs (sda1): re-mounted. Opts: (null)
 File Systems...
[   94.967351] systemd[1]: Mounting Debug File System...
         Mounting Debug File System...
[   95.097385] systemd[1]: Starting Uncomplicated firewall...
         Starting Uncomplicated firewall...
[   95.155569] systemd[1]: Mounting POSIX Message Queue File System...
         Mounting POSIX Message Queue File System...
[ 9595934] systemd[]:iseng n evnitctl Compatibility Named Pipe.
[[0;32m  OK  [0m] Listening on /dev/initctl Compatibility Named Pipe.
[   .1128] systmd[1]: Rached target Encrypted Volumes.

[[0;32m  OK  [0m] Reached target Encrypted Volumes.
[   97546 stem1] Listening on LM2po dmosoke.
[[0;32m  OK  [0m] Listening on LVM2 poll daemon socket.
[   97.495730] systemd[1]: Starting Nameserver information manager...
         Starting Nameserver information manager...
[   97.525801] systemd[1]:Rechd targt eran Group Name Lookups.
[[0;32m  OK  [0m] Reached target User and Group Name Lookups.
[  97.950129] systemd[1] Reached target Slices.
[[0;32m  OK  [0m] Reached target Slices.
[   98.164031] systemd[1]: Mounting Huge Pages File System...
         Mounting Huge Pages File System...
[   98.183984] systemd[1]: Listening on Journal Socket (/dev/log).
[[0;32m  OK  [0m] Listening on Journal Socket (/dev/log).
[   98.203689] systemd[1]: Starting Journal Service...
         Starting Journal Service...
[   98.248885] systemd[1]: Mounted Huge Pages File System.
[[0;32m  OK  [0m] Mounted Huge Pages File System.
[   98.269655] systemd[1]: Mounted Debug File System.
[[0;32m  OK  [0m] Mounted Debug File System.
[   98.283214] systemd[1]: Mounted POSIX Message Queue File System.
[[0;32m  OK  [0m] Mounted POSIX Message Queue File System.
[   98.321355] systemd[1]: Stard uralervic
[[0;32m  OK  [0m] Started Journal Service.
[[0;32m  OK  [0m] Started Set console keymap.
[[0;32m  OK  [0m] Started Load Kernel Modules.
[[0;32m  OK  [0m] Started Create list of required sta...ce nodes for the current kernel.
[[0;32m  OK  [0m] Started Remount Root and Kernel File Systems.
[[0;32m  OK  [0m] Started Uncomplicated firewall.
[[0;32m  OK  [0m] Started Nameserver information manager.
[[0;32m  OK  [0m] Started LVM2 metadata daemon.
         Starting udev Coldplug all Devices...
         Starting Initial cloud-init job (pre-networking)...
         Starting Load/Save Random Seed...
         Starting Create Static Device Nodes in /dev...
         Starting Apply Kernel Variables...
         Mounting FUSE Control File System...
         Starting Flush Journal to Persistent Storage...
[[0;32m  OK  [0m] Mounted FUSE Control File System.
[[0;32m  OK  [0m] Started Load/Save Random Seed.
[[0;32m  OK  [0m] Started Create Static Device Nodes in /dev.
[[0;32m  OK  [0m] Started Apply Kernel Variables.
[[0;32m  OK  [0m] Started udev Coldplug all Devices.
[[0;32m  OK  [0m] Started Flush Journal to Persistent Storage.
         Starting udev Kernel Device Manager...
[[0;32m  OK  [0m] Started udev Kernel Device Manager.
[[0;32m  OK  [0m] Started Dispatch Password Requests to Console Directory Watch.
[[0;32m  OK  [0m] Started Monitoring of LVM2 mirrors,...ng dmeventd or progress polling.
[[0;32m  OK  [0m] Reached target Local File Systems (Pre).
[[0;32m  OK  [0m] Reached target Local File Systems.
         Starting Commit a transient machine-id on disk...
         Starting Set console font and keymap...
         Starting Tell Plymouth To Write Out Runtime Data...
         Starting LSB: AppArmor initialization...
         Starting Create Volatile Files and Directories...
[[0;32m  OK  [0m] Started Commit a transient machine-id on disk.
[[0;32m  OK  [0m] Started Tell Plymouth To Write Out Runtime Data.
[[0;32m  OK  [0m] Started Create Volatile Files and Directories.
[[0;32m  OK  [0m] Found device /dev/ttyS0.
[[0;32m  OK  [0m] Listening on Load/Save RF Kill Switch Status /dev/rfkill Watch.
         Starting Update UTMP about System Boot/Shutdown...
[[0;32m  OK  [0m] Reached target System Time Synchronized.
[[0;32m  OK  [0m] Started Set console font and keymap.
[[0;32m  OK  [0m] Created slice system-getty.slice.
[[0;32m  OK  [0m] Started Update UTMP about System Boot/Shutdown.
[[0;32m  OK  [0m] Started LSB: AppArmor initialization.
[  121.139260] cloud-init[469]: Cloud-init v. 0.7.8 running 'init-local' at Mon, 12 Feb 2018 22:57:13 +0000. Up 120.50 seconds.
[[0;32m  OK  [0m] Started Initial cloud-init job (pre-networking).
[[0;32m  OK  [0m] Reached target Network (Pre).
         Starting Raise network interfaces...
[[0;32m  OK  [0m] Started Raise network interfaces.
         Starting Initial cloud-init job (metadata service crawler)...
[[0;32m  OK  [0m] Reached target Network.
[  123.922848] cloud-init[1048]: Cloud-init v. 0.7.8 running 'init' at Mon, 12 Feb 2018 22:57:15 +0000. Up 122.91 seconds.
[  124.012933] cloud-init[1048]: ci-info: ++++++++++++++++++++++++++++++++++++++Net device info++++++++++++++++++++++++++++++++++++++
[  124.159282] cloud-init[1048]: ci-info: +--------+-------+----------------------------+---------------+-------+-------------------+
[[0;32m  OK  [0m] Started Initial cloud-init job (metadata service crawler).
[[  124.304889] cloud-init[1048]: ci-info: | Device |   Up  |          Address           |      Mask     | Scope |     Hw-Address    |
[  124.395815] cloud-init[1048]: ci-info: +--------+-------+----------------------------+---------------+-------+-------------------+
[0;32m  OK  [0m] Reached target System Initialization.
[  124.396100] cloud-init[1048]: ci-info: |   lo   |  True |         127.0.0.1          |   255.0.0.0   |   .   |         .         |
[  124.529856] cloud-init[1048]: ci-info: |   lo   |  True |          ::1/128           |       .       |  host |         .         |
[[0;32m  OK  [0m] Started Trigger resolvconf update for networkd DNS.
[  124.530254] cloud-init[1048]: ci-info: | enp0s3 |  True |         10.0.2.15          | 255.255.255.0 |   .   | 02:51:94:fb:32:e8 |
[  124.905384] cloud-init[1048]: ci-info: | enp0s3 |  True | fe80::51:94ff:fefb:32e8/64 |       .       |  link | 02:51:94:fb:32:e8 |
[  124.906258] cloud-init[1048]: ci-info: | enp0s8 | False |             .              |       .       |   .   | 08:00:27:4f:d2:f1 |
[[0;32m  OK  [0m] Started ACPI Events Check.
[  124.906774] cloud-init[1048]: ci-info: +--------+-------+----------------------------+---------------+-------+-------------------+
[[0;32m  OK  [0m] Reached target Paths.
[  125.061522] cloud-init[1048]: ci-info: +++++++++++++++++++++++++++Route IPv4 info++++++++++++++++++++++++++++
[  125.062094] cloud-init[1048]: ci-info: +-------+-------------+----------+---------------+-----------+-------+
[  125.316970] cloud-init[1048]: ci-info: | Route | Destination | Gateway  |    Genmask    | Interface | Flags |
[  125.317551] cloud-init[1048]: ci-info: +-------+-------------+----------+---------------+-----------+-------+
         Starting Socket activation for snappy daemon.
[[0;32m  OK  [0m] Started Daily Cleanup of Temporary Directories.
[  125.317877] cloud-init[1048]: ci-info: |   0   |   0.0.0.0   | 10.0.2.2 |    0.0.0.0    |   enp0s3  |   UG  |
[  125.640637] cloud-init[1048]: ci-info: |   1   |   10.0.2.0  | 0.0.0.0  | 255.255.255.0 |   enp0s3  |   U   |
[  125.641482] cloud-init[1048]: ci-info: +-------+-------------+----------+---------------+-----------+-------+
[[0;32m  OK  [0m] Started Timer to automatically refresh installed snaps.
[  125.641842] cloud-init[1048]: Generating public/private rsa key pair.
[  125.898882] cloud-init[1048]: Your identification has been saved in /etc/ssh/ssh_host_rsa_key.
[[0;32m  OK  [0m] Listening on D-Bus System Message Bus Socket.
[  125.899364] cloud-init[1048]: Your public key has been saved in /etc/ssh/ssh_host_rsa_key.pub.
[  126.162130] cloud-init[1048]: The key fingerprint is:
[[0;32m  OK  [0m] Listening on ACPID Listen Socket.
[[  126.162485] cloud-init[1048]: SHA256:u9itq7yV+GsJu+H/0Y+Ud44tDRUPiLzI0Qt2vH1Gjbo root@ubuntu-xenial
[  126.373884] cloud-init[1048]: The key's randomart image is:
[0;32m  OK  [0m] Started Daily apt activities.
[  126.374267] cloud-init[1048]: +---[RSA 2048]----+
[  126.535541] cloud-init[1048]: |         + . . o |
[[0;32m  OK  [0m] Reached target Timers.
[[  126.536026] cloud-init[1048]: |        + * . +..|
[  126.853622] cloud-init[1048]: |       o = = o .o|
[0;32m  OK  [0m] Listening on UUID daemon activation socket.
[  126.855549] cloud-init[1048]: |        o + o o o|
[  126.888600] cloud-init[1048]: |        S    + . |
[  126.889443] cloud-init[1048]: |      .. o .E..  |
         Starting LXD - unix socket.
[  126.889918] cloud-init[1048]: |      oo+.. + .o.|
[  127.015826] cloud-init[1048]: |     o.*oo o +.=.|[
[0;32m  OK  [0m] Reached target Cloud-config availability.
[  127.016306] cloud-init[1048]: |      B*O=o . o.o|
[  127.153478] cloud-init[1048]: +----[SHA256]-----+
[[0;32m  OK  [0m] Reached target Network is Online.
[  127.153811] cloud-init[1048]: Generating public/private dsa key pair.
[  127.321107] cloud-init[1048]: Your identification has been saved in /etc/ssh/ssh_host_dsa_key.
[  127.321832] cloud-init[1048]: Your public key has been saved in /etc/ssh/ssh_host_dsa_key.pub.
         Starting iSCSI initiator daemon (iscsid)...
[  127.322257] cloud-init[1048]: The key fingerprint is:
[  127.657098] cloud-init[1048]: SHA256:uTb+fbUQferPylBZtJalpoQn9NGBFGaG9iXmgH2K1MA root@ubuntu-xenial
[  127.657717] cloud-init[1048]: The key's randomart image is:
[[0;32m  OK  [0m] Listening on Socket activation for snappy daemon.
[  127.658141] cloud-init[1048]: +---[DSA 1024]----+
[[  127.813880] [0;32m  OK  [0mcloud-init] [1048]: Listening on LXD - unix socket.|       ..=.oB+..o|

[[  127.971935] cloud-init[1048]: |        E.**=.oo+|
[0;32m  OK  [0m] Started iSCSI initiator daemon (iscsid).
[  127.973060] cloud-init[1048]: |       . ooB+o++.|
[  128.040831] cloud-init[1048]: |        ...+o+.+.|
[  128.041596] cloud-init[1048]: |        S   . +..|
         Starting Login to default iSCSI targets...
[  128.042028] cloud-init[1048]: |         .   o. .|
[[0;32m  OK  [0m] Reached target Sockets.
[  128.130683] cloud-init[1048]: |        +   .....|
[  128.204715] cloud-init[1048]: |       o . . ooo |
[  128.205422] cloud-init[1048]: |        ... ..ooo|
[[0;32m  OK  [0m] Reached target Basic System.
[  128.205908] cloud-init[1048]: +----[SHA256]-----+
[  128.356599] cloud-init[1048]: Generating public/private ecdsa key pair.
[  128.357298] cloud-init[1048]: Your identification has been saved in /etc/ssh/ssh_host_ecdsa_key.
[[0;32m  OK  [0m] Started ACPI event daemon.
[  128.357712] cloud-init[1048]: Your public key has been saved in /etc/ssh/ssh_host_ecdsa_key.pub.
         Starting LXD - container startup/shutdown...
[  128.424043] cloud-init[1048]: The key fingerprint is:
[  128.508816]          Starting Login Service...
cloud-init[1048]: SHA256:YnQPmhcAL9ASI/Fg+4KlxIWzWMJAv6mrNh/gho/Welo root@ubuntu-xenial
[  128.572732] cloud-init[1048]: The key's randomart image is:
[[0;32m  OK  [0m] Started FUSE filesystem for LXC.
[  128.574025] cloud-init[1048]: +---[ECDSA 256]---+
[  128.684439] [[0;32m  OK  [0m] Started Snappy daemon.
cloud-init[1048]: |O+=+...          |
[  128.718380]          Starting Auto import assertions from block devices...
cloud-init[1048]: |+B*o.. .         |
[  128.785462]          cloud-initStarting /etc/rc.local Compatibility...[1048]: 
|.*=o. o +        |
         Starting LSB: Record successful boot for GRUB...
[  128.832847] cloud-init[1048]: |++. oo + +       |
[  128.872827] cloud-init[1048]: |oo +  = S .      |
         Starting Accounts Service...
[  128.873939] cloud-init[1048]: |o +  . o         |
[  129.074858] cloud-init[1048]: |.+.E             |
         Starting System Logging Service...
[  129.076243] cloud-init[1048]: |.*oo.            |
[  129.176681]          cloud-initStarting Pollinate to seed the pseudo random number generator...[1048]: 
|*+B.             |
[  129.265227]          cloud-initStarting Apply the settings specified in cloud-config...[1048]: 
+----[SHA256]-----+
[  129.352841] [cloud-init[0;32m  OK  [0m[1048]: ] Generating public/private ed25519 key pair.Started D-Bus System Message Bus.

[  129.355173] cloud-init[1048]: Your identification has been saved in /etc/ssh/ssh_host_ed25519_key.
[  129.577048] [cloud-init[0;32m  OK  [0m[1048]: ] Your public key has been saved in /etc/ssh/ssh_host_ed25519_key.pub.Started Regular background program processing daemon.

[  129.630362]          cloud-initStarting LSB: MD monitoring daemon...[1048]: 
The key fingerprint is:
[[0;32m  OK  [0m] Started Deferred execution scheduler.
[[0;32m  OK  [0m] Started System Logging Service.
[[0;32m  OK  [0m] Started LXD - container startup/shutdown.
[[0;32m  OK  [0m] Started Auto import assertions from block devices.
[[0;32m  OK  [0m] Started /etc/rc.local Compatibility.
[  129.692145] cloud-init[1048]: SHA256:jkUCeGQjOtFMcDiBBkTKfGn0g1904jMvgyN0mSaW1SU root@ubuntu-xenial
[[0;32m  OK  [0m] Started Login to default iSCSI targets.
[  129.917993] cloud-init[1048]: The key's randomart image is:
[  130.081933] [cloud-init[0;32m  OK  [0m[1048]: ] +--[ED25519 256]--+Started Pollinate to seed the pseudo random number generator.

[[0;32m  OK  [0m] Started LSB: Record successful boot for GRUB.
[  130.083137] cloud-init[1048]: |XX++=..E.o       |
[  130.213513] [cloud-init[0;32m  OK  [0m[1048]: ] |B==oBo=.+        |Started LSB: MD monitoring daemon.

[  130.214717] cloud-init[1048]: |=+ @ B.=.        |
[  130.504870] cloud-init[1048]: | .= = +o+        |
         Starting Authenticate and Authorize Users to Run Privileged Tasks...
[  130.506149] cloud-init[1048]: |   . + oS.       |
[  130.636736]          cloud-initStarting OpenBSD Secure Shell server...[1048]: 
|    . .+o        |
[  130.688925] [cloud-init[0;32m  OK  [0m[1048]: ] |      . .        |Reached target Remote File Systems (Pre).

[[0;32m  OK  [0m] Reached target Remote File Systems.
[  130.767829] cloud-init[1048]: |                 |
[  130.807245] cloud-init[1048]: |                 |
[  130.844315]          Starting LSB: automatic crash report generation...
cloud-init[1048]: +----[SHA256]-----+
         Starting Permit User Sessions...
[  130.874915]          cloud-initStarting LSB: Set the CPU Frequency Scaling governor to "ondemand"...[1200]: 
Generating locales (this might take a while)...
         Starting LSB: VirtualBox Linux Additions...
         Starting LSB: daemon to balance interrupts for SMP systems...
[[0;32m  OK  [0m] Started OpenBSD Secure Shell server.
[[0;32m  OK  [0m] Started Permit User Sessions.
[[0;32m  OK  [0m] Started Authenticate and Authorize Users to Run Privileged Tasks.
[[0;32m  OK  [0m] Started Accounts Service.
[[0;32m  OK  [0m] Started LSB: automatic crash report generation.
[[0;32m  OK  [0m] Started LSB: Set the CPU Frequency Scaling governor to "ondemand".
         Starting Hold until boot process finishes up...
         Starting Terminate Plymouth Boot Screen...
[[0;32m  OK  [0m] Started LSB: daemon to balance interrupts for SMP systems.
[[0;32m  OK  [0m] Started LSB: VirtualBox Linux Additions.
[[0;32m  OK  [0m] Started Hold until boot process finishes up.
[[0;32m  OK  [0m] Started Terminate Plymouth Boot Screen.
[[0;32m  OK  [0m] Started Serial Getty on ttyS0.
         Starting Set console scheme...
[[0;32m  OK  [0m] Started Getty on tty1.
[[0;32m  OK  [0m] Reached target Login Prompts.
[[0;32m  OK  [0m] Started Set console scheme.
[  132.322557] cloud-init[1200]:   en_US.UTF-8... done
[  132.352906] cloud-init[1200]: Generation complete.
         Stopping OpenBSD Secure Shell server...
[[0;32m  OK  [0m] Stopped OpenBSD Secure Shell server.
         Starting OpenBSD Secure Shell server...
[[0;32m  OK  [0m] Started OpenBSD Secure Shell server.
[  133.138511] cloud-init[1200]: Cloud-init v. 0.7.8 running 'modules:config' at Mon, 12 Feb 2018 22:57:22 +0000. Up 129.92 seconds.
[[0;32m  OK  [0m] Started Apply the settings specified in cloud-config.

Ubuntu 16.04.1 LTS ubuntu-xenial ttyS0

ubuntu-xenial login: ci-info: no authorized ssh keys fingerprints found for user ubuntu.
<14>Feb 12 22:57:52 ec2: 
<14>Feb 12 22:57:52 ec2: #############################################################
<14>Feb 12 22:57:52 ec2: -----BEGIN SSH HOST KEY FINGERPRINTS-----
<14>Feb 12 22:57:52 ec2: 1024 SHA256:uTb+fbUQferPylBZtJalpoQn9NGBFGaG9iXmgH2K1MA root@ubuntu-xenial (DSA)
<14>Feb 12 22:57:52 ec2: 256 SHA256:YnQPmhcAL9ASI/Fg+4KlxIWzWMJAv6mrNh/gho/Welo root@ubuntu-xenial (ECDSA)
<14>Feb 12 22:57:52 ec2: 256 SHA256:jkUCeGQjOtFMcDiBBkTKfGn0g1904jMvgyN0mSaW1SU root@ubuntu-xenial (ED25519)
<14>Feb 12 22:57:52 ec2: 2048 SHA256:u9itq7yV+GsJu+H/0Y+Ud44tDRUPiLzI0Qt2vH1Gjbo root@ubuntu-xenial (RSA)
<14>Feb 12 22:57:52 ec2: -----END SSH HOST KEY FINGERPRINTS-----
<14>Feb 12 22:57:52 ec2: #############################################################
-----BEGIN SSH HOST KEY KEYS-----
ecdsa-sha2-nistp256 AAAAE2VjZHNhLXNoYTItbmlzdHAyNTYAAAAIbmlzdHAyNTYAAABBBK2wmDXLT+dIGnNMjK0qGX6GbsLaG63fbIG3Ie9nbPlDnB65GWxoNVOeic/tClMtJqaa7RBIJh0UycHttUp3Uzk= root@ubuntu-xenial
ssh-ed25519 AAAAC3NzaC1lZDI1NTE5AAAAIEU2lJC5luqDWswL4bzf4CBMpcJ1GNvIsypL+gc8eTCA root@ubuntu-xenial
ssh-rsa AAAAB3NzaC1yc2EAAAADAQABAAABAQDXvBkXfkRI3w9nVc5YU8vXx/o3izT8Iv52h3ZXVzvoDZJClHY0doPPVszG1hxPlpCpC+wgS+vbtBqmb6qdughyKYrSihC63Z07zwrr3WuJtTZNaMePCDOuIQd2TnankQr+HH+bYTYARjh9tXVDXy4hR/JuelLYz+dum0PbJRfggDxpRjm85wl5H92gUKvHbB1v77JsWX+LmZQyAzSbcaxUMAyrULDMxiedabRjaYhp2mVABgpJl1ClHIaJBpTZWMa3ig11yJM86k0xrZo1l15C93sFUjQM1sjNWmNSOFebBNpgfmRMuUBnc4tym1iO/ih5/ftFlvFljtPAUtbcr18X root@ubuntu-xenial
-----END SSH HOST KEY KEYS-----
[  160.291635] cloud-init[1554]: Cloud-init v. 0.7.8 running 'modules:final' at Mon, 12 Feb 2018 22:57:52 +0000. Up 159.71 seconds.
[  160.291823] cloud-init[1554]: ci-info: no authorized ssh keys fingerprints found for user ubuntu.
[  160.291992] cloud-init[1554]: Cloud-init v. 0.7.8 finished at Mon, 12 Feb 2018 22:57:52 +0000. Datasource DataSourceNoCloud [seed=/dev/sdb][dsmode=net].  Up 160.26 seconds
